<?xml version="1.0" encoding="UTF-8"?>
<!-- Generated by org.testng.reporters.JUnitReportReporter -->
<testsuite hostname="sathvikakshith" failures="0" tests="2" name="swarnamaven.Testng1" time="0.009" errors="0" timestamp="2024-02-23T15:48:39 IST" skipped="0">
  <testcase classname="swarnamaven.Testng1" name="tc2" time="0.001"/>
  <system-out>
    <![CDATA[testng execution]]>
  </system-out>
  <testcase classname="swarnamaven.Testng1" name="tc1" time="0.008"/>
  <system-out>
    <![CDATA[swarna]]>
  </system-out>
</testsuite> <!-- swarnamaven.Testng1 -->
