<?xml version="1.0" encoding="UTF-8"?>
<!-- Generated by org.testng.reporters.JUnitReportReporter -->
<testsuite hostname="sathvikakshith" failures="0" tests="1" name="swarnamaven.Testng2" time="0.012" errors="0" timestamp="2024-02-23T15:38:43 IST" skipped="0">
  <testcase classname="swarnamaven.Testng2" name="tstannotation" time="0.012"/>
  <system-out>
    <![CDATA[flow of annotationa]]>
  </system-out>
</testsuite> <!-- swarnamaven.Testng2 -->
